0's move
......
......
......
......
......
......
......
......
......
B.....
BB....
YG..Y.
BGGYY.

pattern:0
......
......
......
......
......
......
......
......
......
B.....
BB....
YG..Y.
BGGYY.

0 
......
......
......
......
......
......
......
......
......
B.....
BB....
YG..Y.
BGGYY.

pattern:1
......
......
......
......
......
......
......
......
......
B.....
BB....
YG..Y.
BGGYY.

0 
......
......
......
......
......
......
......
......
......
.B....
BB....
YG..Y.
BGGYY.

pattern:2
......
......
......
......
......
......
......
......
......
.B....
BB....
YG..Y.
BGGYY.

0 
......
......
......
......
......
......
......
......
.B....
.B....
.B....
YG..Y.
BGGYY.

pattern:3
......
......
......
......
......
......
......
......
.B....
.B....
.B....
YG..Y.
BGGYY.

0 
......
......
......
......
......
......
......
......
......
.B....
BB....
YG..Y.
BGGYY.

pattern:4
......
......
......
......
......
......
......
......
......
.B....
BB....
YG..Y.
BGGYY.

0 
......
......
......
......
......
......
......
......
.B....
.B....
.B....
YG..Y.
BGGYY.

pattern:5
......
......
......
......
......
......
......
......
.B....
.B....
.B....
YG..Y.
BGGYY.

0 
......
......
......
......
......
......
......
......
......
.B....
.B....
YGB.Y.
BGGYY.

pattern:6
......
......
......
......
......
......
......
......
......
.B....
.B....
YGB.Y.
BGGYY.

0 
......
......
......
......
......
......
......
......
......
......
.BB...
YGB.Y.
BGGYY.

pattern:7
......
......
......
......
......
......
......
......
......
......
.BB...
YGB.Y.
BGGYY.

0 
......
......
......
......
......
......
......
......
......
.B....
.B....
YGB.Y.
BGGYY.

pattern:8
......
......
......
......
......
......
......
......
......
.B....
.B....
YGB.Y.
BGGYY.

0 
......
......
......
......
......
......
......
......
......
......
.BB...
YGB.Y.
BGGYY.

pattern:9
......
......
......
......
......
......
......
......
......
......
.BB...
YGB.Y.
BGGYY.

0 
......
......
......
......
......
......
......
......
......
......
.B....
YGBBY.
BGGYY.

pattern:10
......
......
......
......
......
......
......
......
......
......
.B....
YGBBY.
BGGYY.

0 
......
......
......
......
......
......
......
......
......
......
.B.B..
YG.BY.
BGGYY.

pattern:11
......
......
......
......
......
......
......
......
......
......
.B.B..
YG.BY.
BGGYY.

0 
......
......
......
......
......
......
......
......
......
......
.B....
YGBBY.
BGGYY.

pattern:12
......
......
......
......
......
......
......
......
......
......
.B....
YGBBY.
BGGYY.

0 
......
......
......
......
......
......
......
......
......
......
.B.B..
YG.BY.
BGGYY.

pattern:13
......
......
......
......
......
......
......
......
......
......
.B.B..
YG.BY.
BGGYY.

0 
......
......
......
......
......
......
......
......
......
......
.B..B.
YG.BY.
BGGYY.

pattern:14
......
......
......
......
......
......
......
......
......
......
.B..B.
YG.BY.
BGGYY.

0 
......
......
......
......
......
......
......
......
......
....B.
.B..B.
YG..Y.
BGGYY.

pattern:15
......
......
......
......
......
......
......
......
......
....B.
.B..B.
YG..Y.
BGGYY.

0 
......
......
......
......
......
......
......
......
......
......
.B..B.
YG.BY.
BGGYY.

pattern:16
......
......
......
......
......
......
......
......
......
......
.B..B.
YG.BY.
BGGYY.

0 
......
......
......
......
......
......
......
......
......
....B.
.B..B.
YG..Y.
BGGYY.

pattern:17
......
......
......
......
......
......
......
......
......
....B.
.B..B.
YG..Y.
BGGYY.

0 
......
......
......
......
......
......
......
......
......
......
.B..B.
YG..Y.
BGGYYB

pattern:18
......
......
......
......
......
......
......
......
......
......
.B..B.
YG..Y.
BGGYYB

0 
......
......
......
......
......
......
......
......
......
......
.B....
YG..YB
BGGYYB

pattern:19
......
......
......
......
......
......
......
......
......
......
.B....
YG..YB
BGGYYB

0 
......
......
......
......
......
......
......
......
......
......
.B..B.
YG..Y.
BGGYYB

pattern:20
......
......
......
......
......
......
......
......
......
......
.B..B.
YG..Y.
BGGYYB

0 
......
......
......
......
......
......
......
......
......
......
.B....
YG..YB
BGGYYB

pattern:21
......
......
......
......
......
......
......
......
......
......
.B....
YG..YB
BGGYYB

0 

22
4777.32 4283.18 4821.13 4948.61 2823.18 2323.18 4183.18 4601.42 4012.25 4863.17 3503.18 2223.18 3323.18 3942.25 4689.77 4708.92 4762.28 3723.18 4183.18 3683.18 3063.18 3983.18 
selected:3
1's move
......
......
......
......
......
......
......
......
.B....
YB....
GB....
YG..Y.
BGGYY.

pattern:0
......
......
......
......
......
......
......
......
.B....
YB....
GB....
YG..Y.
BGGYY.

0 
......
......
......
......
......
......
......
......
.B....
GB....
YB....
YG..Y.
BGGYY.

pattern:1
......
......
......
......
......
......
......
......
.B....
GB....
YB....
YG..Y.
BGGYY.

0 
......
......
......
......
......
......
......
.Y....
.B....
.B....
GB....
YG..Y.
BGGYY.

pattern:2
......
......
......
......
......
......
......
.Y....
.B....
.B....
GB....
YG..Y.
BGGYY.

0 
......
......
......
......
......
......
.Y....
.G....
.B....
.B....
.B....
YG..Y.
BGGYY.

pattern:3
......
......
......
......
......
......
.Y....
.G....
.B....
.B....
.B....
YG..Y.
BGGYY.

0 
......
......
......
......
......
......
......
.G....
.B....
.B....
YB....
YG..Y.
BGGYY.

pattern:4
......
......
......
......
......
......
......
.G....
.B....
.B....
YB....
YG..Y.
BGGYY.

0 
......
......
......
......
......
......
.G....
.Y....
.B....
.B....
.B....
YG..Y.
BGGYY.

pattern:5
......
......
......
......
......
......
.G....
.Y....
.B....
.B....
.B....
YG..Y.
BGGYY.

0 
......
......
......
......
......
......
......
.G....
.B....
.B....
.B....
YGY.Y.
BGGYY.

pattern:6
......
......
......
......
......
......
......
.G....
.B....
.B....
.B....
YGY.Y.
BGGYY.

0 
......
......
......
......
......
......
......
......
.B....
.B....
.BY...
YGG.Y.
BGGYY.

pattern:7
......
......
......
......
......
......
......
......
......
......
......
......
Y.....

920 
......
......
......
......
......
......
......
.Y....
.B....
.B....
.B....
YGG.Y.
BGGYY.

pattern:8
......
......
......
......
......
......
......
......
......
......
......
....Y.
YY.YY.

360 
......
......
......
......
......
......
......
......
.B....
.B....
.BG...
YGY.Y.
BGGYY.

pattern:9
......
......
......
......
......
......
......
......
.B....
.B....
.BG...
YGY.Y.
BGGYY.

0 
......
......
......
......
......
......
......
......
.B....
.B....
.B....
YGGYY.
BGGYY.

pattern:10
......
......
......
......
......
......
......
......
......
......
......
......
Y.....

560 
......
......
......
......
......
......
......
......
.B....
.B....
.B.Y..
YG.GY.
BGGYY.

pattern:11
......
......
......
......
......
......
......
......
.B....
.B....
.B.Y..
YG.GY.
BGGYY.

0 
......
......
......
......
......
......
......
......
.B....
.B....
.B....
YGYGY.
BGGYY.

pattern:12
......
......
......
......
......
......
......
......
.B....
.B....
.B....
YGYGY.
BGGYY.

0 
......
......
......
......
......
......
......
......
.B....
.B....
.B.G..
YG.YY.
BGGYY.

pattern:13
......
......
......
......
......
......
......
......
......
......
......
......
Y.....

1000 
......
......
......
......
......
......
......
......
.B....
.B....
.B..Y.
YG.GY.
BGGYY.

pattern:14
......
......
......
......
......
......
......
......
......
......
......
......
Y.....

1000 
......
......
......
......
......
......
......
......
.B....
.B..Y.
.B..G.
YG..Y.
BGGYY.

pattern:15
......
......
......
......
......
......
......
......
.B....
.B..Y.
.B..G.
YG..Y.
BGGYY.

0 
......
......
......
......
......
......
......
......
.B....
.B....
.B..G.
YG.YY.
BGGYY.

pattern:16
......
......
......
......
......
......
......
......
.B....
.B....
.B....
YG....
BGG.G.

40 
......
......
......
......
......
......
......
......
.B....
.B..G.
.B..Y.
YG..Y.
BGGYY.

pattern:17
......
......
......
......
......
......
......
......
.B....
.B....
.B....
YG....
BGG.G.

40 
......
......
......
......
......
......
......
......
.B....
.B....
.B..G.
YG..Y.
BGGYYY

pattern:18
......
......
......
......
......
......
......
......
.B....
.B....
.B....
YG....
BGG.G.

40 
......
......
......
......
......
......
......
......
.B....
.B....
.B....
YG..YY
BGGYYG

pattern:19
......
......
......
......
......
......
......
......
.B....
.B....
.B....
YG....
BGG..G

40 
......
......
......
......
......
......
......
......
.B....
.B....
.B..Y.
YG..Y.
BGGYYG

pattern:20
......
......
......
......
......
......
......
......
.B....
.B....
.B....
YG....
BGG..G

40 
......
......
......
......
......
......
......
......
.B....
.B....
.B....
YG..YG
BGGYYY

pattern:21
......
......
......
......
......
......
......
......
.B....
.B....
.B....
YG....
BGG..G

40 

11
2983.18 4608.5 4023.18 4533.18 3243.18 4452.25 4502.25 5245.53 3863.18 3883.18 4651.84 
selected:9
2's move
......
......
......
......
......
......
......
......
.B....
GB....
RBG...
YGY.Y.
BGGYY.

pattern:0
......
......
......
......
......
......
......
......
.B....
GB....
RBG...
YGY.Y.
BGGYY.

0 
......
......
......
......
......
......
......
......
.B....
RB....
GBG...
YGY.Y.
BGGYY.

pattern:1
......
......
......
......
......
......
......
......
.B....
RB....
GBG...
YGY.Y.
BGGYY.

0 
......
......
......
......
......
......
......
.G....
.B....
.B....
RBG...
YGY.Y.
BGGYY.

pattern:2
......
......
......
......
......
......
......
.G....
.B....
.B....
RBG...
YGY.Y.
BGGYY.

0 
......
......
......
......
......
......
.G....
.R....
.B....
.B....
.BG...
YGY.Y.
BGGYY.

pattern:3
......
......
......
......
......
......
.G....
.R....
.B....
.B....
.BG...
YGY.Y.
BGGYY.

0 
......
......
......
......
......
......
......
.R....
.B....
.B....
GBG...
YGY.Y.
BGGYY.

pattern:4
......
......
......
......
......
......
......
.R....
.B....
.B....
GBG...
YGY.Y.
BGGYY.

0 
......
......
......
......
......
......
.R....
.G....
.B....
.B....
.BG...
YGY.Y.
BGGYY.

pattern:5
......
......
......
......
......
......
.R....
.G....
.B....
.B....
.BG...
YGY.Y.
BGGYY.

0 
......
......
......
......
......
......
......
.R....
.B....
.BG...
.BG...
YGY.Y.
BGGYY.

pattern:6
......
......
......
......
......
......
......
.R....
.B....
.BG...
.BG...
YGY.Y.
BGGYY.

0 
......
......
......
......
......
......
......
......
.BG...
.BR...
.BG...
YGY.Y.
BGGYY.

pattern:7
......
......
......
......
......
......
......
......
.BG...
.BR...
.BG...
YGY.Y.
BGGYY.

0 
......
......
......
......
......
......
......
.G....
.B....
.BR...
.BG...
YGY.Y.
BGGYY.

pattern:8
......
......
......
......
......
......
......
.G....
.B....
.BR...
.BG...
YGY.Y.
BGGYY.

0 
......
......
......
......
......
......
......
......
.BR...
.BG...
.BG...
YGY.Y.
BGGYY.

pattern:9
......
......
......
......
......
......
......
......
.BR...
.BG...
.BG...
YGY.Y.
BGGYY.

0 
......
......
......
......
......
......
......
......
.B....
.BR...
.BG...
YGYGY.
BGGYY.

pattern:10
......
......
......
......
......
......
......
......
.B....
.BR...
.BG...
YGYGY.
BGGYY.

0 
......
......
......
......
......
......
......
......
.B....
.B....
.BGG..
YGYRY.
BGGYY.

pattern:11
......
......
......
......
......
......
......
......
.B....
.B....
.BGG..
YGYRY.
BGGYY.

0 
......
......
......
......
......
......
......
......
.B....
.BG...
.BG...
YGYRY.
BGGYY.

pattern:12
......
......
......
......
......
......
......
......
.B....
.BG...
.BG...
YGYRY.
BGGYY.

0 
......
......
......
......
......
......
......
......
.B....
.B....
.BGR..
YGYGY.
BGGYY.

pattern:13
......
......
......
......
......
......
......
......
.B....
.B....
.BGR..
YGYGY.
BGGYY.

0 
......
......
......
......
......
......
......
......
.B....
.B....
.BG.G.
YGYRY.
BGGYY.

pattern:14
......
......
......
......
......
......
......
......
.B....
.B....
.BG.G.
YGYRY.
BGGYY.

0 
......
......
......
......
......
......
......
......
.B....
.B..G.
.BG.R.
YGY.Y.
BGGYY.

pattern:15
......
......
......
......
......
......
......
......
.B....
.B..G.
.BG.R.
YGY.Y.
BGGYY.

0 
......
......
......
......
......
......
......
......
.B....
.B....
.BG.R.
YGYGY.
BGGYY.

pattern:16
......
......
......
......
......
......
......
......
.B....
.B....
.BG.R.
YGYGY.
BGGYY.

0 
......
......
......
......
......
......
......
......
.B....
.B..R.
.BG.G.
YGY.Y.
BGGYY.

pattern:17
......
......
......
......
......
......
......
......
.B....
.B..R.
.BG.G.
YGY.Y.
BGGYY.

0 
......
......
......
......
......
......
......
......
.B....
.B....
.BG.R.
YGY.Y.
BGGYYG

pattern:18
......
......
......
......
......
......
......
......
.B....
.B....
.BG.R.
YGY.Y.
BGGYYG

0 
......
......
......
......
......
......
......
......
.B....
.B....
.BG...
YGY.YG
BGGYYR

pattern:19
......
......
......
......
......
......
......
......
.B....
.B....
.BG...
YGY.YG
BGGYYR

0 
......
......
......
......
......
......
......
......
.B....
.B....
.BG.G.
YGY.Y.
BGGYYR

pattern:20
......
......
......
......
......
......
......
......
.B....
.B....
.BG.G.
YGY.Y.
BGGYYR

0 
......
......
......
......
......
......
......
......
.B....
.B....
.BG...
YGY.YR
BGGYYG

pattern:21
......
......
......
......
......
......
......
......
.B....
.B....
.BG...
YGY.YR
BGGYYG

0 

22
3143.18 5551.59 4203.18 3443.18 1843.18 4931.84 5842.25 5132.25 5081.84 5423.18 5901.95 3123.18 3483.18 6007.89 5823.18 1703.18 5945.45 5782.17 4243.18 5317.97 5583.18 3103.18 
selected:13
3's move
......
......
......
......
......
......
......
......
.B....
GB....
YBGR..
YGYGY.
BGGYY.

pattern:0
......
......
......
......
......
......
......
......
.B....
GB....
YBGR..
YGYGY.
BGGYY.

0 
......
......
......
......
......
......
......
......
.B....
YB....
GBGR..
YGYGY.
BGGYY.

pattern:1
......
......
......
......
......
......
......
......
.B....
YB....
GBGR..
YGYGY.
BGGYY.

0 
......
......
......
......
......
......
......
.G....
.B....
.B....
YBGR..
YGYGY.
BGGYY.

pattern:2
......
......
......
......
......
......
......
.G....
.B....
.B....
YBGR..
YGYGY.
BGGYY.

0 
......
......
......
......
......
......
.G....
.Y....
.B....
.B....
.BGR..
YGYGY.
BGGYY.

pattern:3
......
......
......
......
......
......
.G....
.Y....
.B....
.B....
.BGR..
YGYGY.
BGGYY.

0 
......
......
......
......
......
......
......
.Y....
.B....
.B....
GBGR..
YGYGY.
BGGYY.

pattern:4
......
......
......
......
......
......
......
.Y....
.B....
.B....
GBGR..
YGYGY.
BGGYY.

0 
......
......
......
......
......
......
.Y....
.G....
.B....
.B....
.BGR..
YGYGY.
BGGYY.

pattern:5
......
......
......
......
......
......
.Y....
.G....
.B....
.B....
.BGR..
YGYGY.
BGGYY.

0 
......
......
......
......
......
......
......
.Y....
.B....
.BG...
.BGR..
YGYGY.
BGGYY.

pattern:6
......
......
......
......
......
......
......
.Y....
.B....
.BG...
.BGR..
YGYGY.
BGGYY.

0 
......
......
......
......
......
......
......
......
.BG...
.BY...
.BGR..
YGYGY.
BGGYY.

pattern:7
......
......
......
......
......
......
......
......
.BG...
.BY...
.BGR..
YGYGY.
BGGYY.

0 
......
......
......
......
......
......
......
.G....
.B....
.BY...
.BGR..
YGYGY.
BGGYY.

pattern:8
......
......
......
......
......
......
......
.G....
.B....
.BY...
.BGR..
YGYGY.
BGGYY.

0 
......
......
......
......
......
......
......
......
.BY...
.BG...
.BGR..
YGYGY.
BGGYY.

pattern:9
......
......
......
......
......
......
......
......
.BY...
.BG...
.BGR..
YGYGY.
BGGYY.

0 
......
......
......
......
......
......
......
......
.B....
.BYG..
.BGR..
YGYGY.
BGGYY.

pattern:10
......
......
......
......
......
......
......
......
.B....
.BYG..
.BGR..
YGYGY.
BGGYY.

0 
......
......
......
......
......
......
......
......
.B.G..
.B.Y..
.BGR..
YGYGY.
BGGYY.

pattern:11
......
......
......
......
......
......
......
......
.B.G..
.B.Y..
.BGR..
YGYGY.
BGGYY.

0 
......
......
......
......
......
......
......
......
.B....
.BGY..
.BGR..
YGYGY.
BGGYY.

pattern:12
......
......
......
......
......
......
......
......
.B....
.BGY..
.BGR..
YGYGY.
BGGYY.

0 
......
......
......
......
......
......
......
......
.B.Y..
.B.G..
.BGR..
YGYGY.
BGGYY.

pattern:13
......
......
......
......
......
......
......
......
.B.Y..
.B.G..
.BGR..
YGYGY.
BGGYY.

0 
......
......
......
......
......
......
......
......
.B....
.B.Y..
.BGRG.
YGYGY.
BGGYY.

pattern:14
......
......
......
......
......
......
......
......
.B....
.B.Y..
.BGRG.
YGYGY.
BGGYY.

0 
......
......
......
......
......
......
......
......
.B....
.B..G.
.BGRY.
YGYGY.
BGGYY.

pattern:15
......
......
......
......
......
......
......
......
......
......
......
..G...
Y.YR..

1180 
......
......
......
......
......
......
......
......
.B....
.B.G..
.BGRY.
YGYGY.
BGGYY.

pattern:16
......
......
......
......
......
......
......
......
......
......
......
..GG..
Y.YR..

1000 
......
......
......
......
......
......
......
......
.B....
.B..Y.
.BGRG.
YGYGY.
BGGYY.

pattern:17
......
......
......
......
......
......
......
......
.B....
.B..Y.
.BGRG.
YGYGY.
BGGYY.

0 
......
......
......
......
......
......
......
......
.B....
.B....
.BGRY.
YGYGY.
BGGYYG

pattern:18
......
......
......
......
......
......
......
......
......
......
......
..G...
Y.YR.G

1000 
......
......
......
......
......
......
......
......
.B....
.B....
.BGR..
YGYGYG
BGGYYY

pattern:19
......
......
......
......
......
......
......
......
......
......
......
..G...
Y.YR.G

1000 
......
......
......
......
......
......
......
......
.B....
.B....
.BGRG.
YGYGY.
BGGYYY

pattern:20
......
......
......
......
......
......
......
......
......
......
......
..G...
Y.YR..

1180 
......
......
......
......
......
......
......
......
.B....
.B....
.BGR..
YGYGYY
BGGYYG

pattern:21
......
......
......
......
......
......
......
......
......
......
......
..G...
Y.YR.G

1000 

16
2803.18 1883.18 2743.18 6698.57 1543.18 5163.18 3803.18 3163.18 5432.25 6032.25 2483.18 3643.18 2123.18 2143.18 4693.18 1763.18 
selected:3
4's move
......
......
......
......
......
......
.G....
.Y....
.B....
GB....
RBGR..
YGYGY.
BGGYY.

pattern:0
......
......
......
......
......
......
.G....
.Y....
.B....
GB....
RBGR..
YGYGY.
BGGYY.

0 
......
......
......
......
......
......
.G....
.Y....
.B....
RB....
GBGR..
YGYGY.
BGGYY.

pattern:1
......
......
......
......
......
......
.G....
.Y....
.B....
RB....
GBGR..
YGYGY.
BGGYY.

0 
......
......
......
......
......
.G....
.G....
.Y....
.B....
.B....
RBGR..
YGYGY.
BGGYY.

pattern:2
......
......
......
......
......
.G....
.G....
.Y....
.B....
.B....
RBGR..
YGYGY.
BGGYY.

0 
......
......
......
......
.G....
.R....
.G....
.Y....
.B....
.B....
.BGR..
YGYGY.
BGGYY.

pattern:3
......
......
......
......
.G....
.R....
.G....
.Y....
.B....
.B....
.BGR..
YGYGY.
BGGYY.

0 
......
......
......
......
......
.R....
.G....
.Y....
.B....
.B....
GBGR..
YGYGY.
BGGYY.

pattern:4
......
......
......
......
......
.R....
.G....
.Y....
.B....
.B....
GBGR..
YGYGY.
BGGYY.

0 
......
......
......
......
.R....
.G....
.G....
.Y....
.B....
.B....
.BGR..
YGYGY.
BGGYY.

pattern:5
......
......
......
......
.R....
.G....
.G....
.Y....
.B....
.B....
.BGR..
YGYGY.
BGGYY.

0 
......
......
......
......
......
.R....
.G....
.Y....
.B....
.BG...
.BGR..
YGYGY.
BGGYY.

pattern:6
......
......
......
......
......
.R....
.G....
.Y....
.B....
.BG...
.BGR..
YGYGY.
BGGYY.

0 
......
......
......
......
......
......
.G....
.Y....
.BG...
.BR...
.BGR..
YGYGY.
BGGYY.

pattern:7
......
......
......
......
......
......
.G....
.Y....
.BG...
.BR...
.BGR..
YGYGY.
BGGYY.

0 
......
......
......
......
......
.G....
.G....
.Y....
.B....
.BR...
.BGR..
YGYGY.
BGGYY.

pattern:8
......
......
......
......
......
.G....
.G....
.Y....
.B....
.BR...
.BGR..
YGYGY.
BGGYY.

0 
......
......
......
......
......
......
.G....
.Y....
.BR...
.BG...
.BGR..
YGYGY.
BGGYY.

pattern:9
......
......
......
......
......
......
.G....
.Y....
.BR...
.BG...
.BGR..
YGYGY.
BGGYY.

0 
......
......
......
......
......
......
.G....
.Y....
.B....
.BRG..
.BGR..
YGYGY.
BGGYY.

pattern:10
......
......
......
......
......
......
.G....
.Y....
.B....
.BRG..
.BGR..
YGYGY.
BGGYY.

0 
......
......
......
......
......
......
.G....
.Y....
.B.G..
.B.R..
.BGR..
YGYGY.
BGGYY.

pattern:11
......
......
......
......
......
......
.G....
.Y....
.B.G..
.B.R..
.BGR..
YGYGY.
BGGYY.

0 
......
......
......
......
......
......
.G....
.Y....
.B....
.BGR..
.BGR..
YGYGY.
BGGYY.

pattern:12
......
......
......
......
......
......
.G....
.Y....
.B....
.BGR..
.BGR..
YGYGY.
BGGYY.

0 
......
......
......
......
......
......
.G....
.Y....
.B.R..
.B.G..
.BGR..
YGYGY.
BGGYY.

pattern:13
......
......
......
......
......
......
.G....
.Y....
.B.R..
.B.G..
.BGR..
YGYGY.
BGGYY.

0 
......
......
......
......
......
......
.G....
.Y....
.B....
.B.R..
.BGRG.
YGYGY.
BGGYY.

pattern:14
......
......
......
......
......
......
.G....
.Y....
.B....
.B.R..
.BGRG.
YGYGY.
BGGYY.

0 
......
......
......
......
......
......
.G....
.Y....
.B....
.B..G.
.BGRR.
YGYGY.
BGGYY.

pattern:15
......
......
......
......
......
......
.G....
.Y....
.B....
.B..G.
.BGRR.
YGYGY.
BGGYY.

0 
......
......
......
......
......
......
.G....
.Y....
.B....
.B.G..
.BGRR.
YGYGY.
BGGYY.

pattern:16
......
......
......
......
......
......
.G....
.Y....
.B....
.B.G..
.BGRR.
YGYGY.
BGGYY.

0 
......
......
......
......
......
......
.G....
.Y....
.B....
.B..R.
.BGRG.
YGYGY.
BGGYY.

pattern:17
......
......
......
......
......
......
.G....
.Y....
.B....
.B..R.
.BGRG.
YGYGY.
BGGYY.

0 
......
......
......
......
......
......
.G....
.Y....
.B....
.B....
.BGRR.
YGYGY.
BGGYYG

pattern:18
......
......
......
......
......
......
.G....
.Y....
.B....
.B....
.BGRR.
YGYGY.
BGGYYG

0 
......
......
......
......
......
......
.G....
.Y....
.B....
.B....
.BGR..
YGYGYG
BGGYYR

pattern:19
......
......
......
......
......
......
.G....
.Y....
.B....
.B....
.BGR..
YGYGYG
BGGYYR

0 
......
......
......
......
......
......
.G....
.Y....
.B....
.B....
.BGRG.
YGYGY.
BGGYYR

pattern:20
......
......
......
......
......
......
.G....
.Y....
.B....
.B....
.BGRG.
YGYGY.
BGGYYR

0 
......
......
......
......
......
......
.G....
.Y....
.B....
.B....
.BGR..
YGYGYR
BGGYYG

pattern:21
......
......
......
......
......
......
.G....
.Y....
.B....
.B....
.BGR..
YGYGYR
BGGYYG

0 

22
6782.25 5303.18 2323.18 2823.18 6640.96 3063.18 6275.42 3233.18 7049.99 3083.18 5603.18 6522.25 7849.54 6002.25 2883.18 3263.18 7047.67 6043.18 5923.18 5523.18 6983.18 6803.18 
selected:12
5's move
......
......
......
......
......
......
.G....
.Y....
.B....
RBGR..
YBGR..
YGYGY.
BGGYY.

pattern:0
......
......
......
......
......
......
.G....
.Y....
.B....
RBGR..
YBGR..
YGYGY.
BGGYY.

0 
......
......
......
......
......
......
.G....
.Y....
.B....
YBGR..
RBGR..
YGYGY.
BGGYY.

pattern:1
......
......
......
......
......
......
.G....
.Y....
.B....
YBGR..
RBGR..
YGYGY.
BGGYY.

0 
......
......
......
......
......
.R....
.G....
.Y....
.B....
.BGR..
YBGR..
YGYGY.
BGGYY.

pattern:2
......
......
......
......
......
.R....
.G....
.Y....
.B....
.BGR..
YBGR..
YGYGY.
BGGYY.

0 
......
......
......
......
.R....
.Y....
.G....
.Y....
.B....
.BGR..
.BGR..
YGYGY.
BGGYY.

pattern:3
......
......
......
......
.R....
.Y....
.G....
.Y....
.B....
.BGR..
.BGR..
YGYGY.
BGGYY.

0 
......
......
......
......
......
.Y....
.G....
.Y....
.B....
.BGR..
RBGR..
YGYGY.
BGGYY.

pattern:4
......
......
......
......
......
.Y....
.G....
.Y....
.B....
.BGR..
RBGR..
YGYGY.
BGGYY.

0 
......
......
......
......
.Y....
.R....
.G....
.Y....
.B....
.BGR..
.BGR..
YGYGY.
BGGYY.

pattern:5
......
......
......
......
.Y....
.R....
.G....
.Y....
.B....
.BGR..
.BGR..
YGYGY.
BGGYY.

0 
......
......
......
......
......
.Y....
.G....
.Y....
.BR...
.BGR..
.BGR..
YGYGY.
BGGYY.

pattern:6
......
......
......
......
......
.Y....
.G....
.Y....
.BR...
.BGR..
.BGR..
YGYGY.
BGGYY.

0 
......
......
......
......
......
......
.G....
.YR...
.BY...
.BGR..
.BGR..
YGYGY.
BGGYY.

pattern:7
......
......
......
......
......
......
.G....
.YR...
.BY...
.BGR..
.BGR..
YGYGY.
BGGYY.

0 
......
......
......
......
......
.R....
.G....
.Y....
.BY...
.BGR..
.BGR..
YGYGY.
BGGYY.

pattern:8
......
......
......
......
......
.R....
.G....
.Y....
.BY...
.BGR..
.BGR..
YGYGY.
BGGYY.

0 
......
......
......
......
......
......
.G....
.YY...
.BR...
.BGR..
.BGR..
YGYGY.
BGGYY.

pattern:9
......
......
......
......
......
......
.G....
.YY...
.BR...
.BGR..
.BGR..
YGYGY.
BGGYY.

0 
......
......
......
......
......
......
.G....
.Y....
.BYR..
.BGR..
.BGR..
YGYGY.
BGGYY.

pattern:10
......
......
......
......
......
......
.G....
.Y....
.BYR..
.BGR..
.BGR..
YGYGY.
BGGYY.

0 
......
......
......
......
......
......
.G....
.Y.R..
.B.Y..
.BGR..
.BGR..
YGYGY.
BGGYY.

pattern:11
......
......
......
......
......
......
.G....
.Y.R..
.B.Y..
.BGR..
.BGR..
YGYGY.
BGGYY.

0 
......
......
......
......
......
......
.G....
.Y....
.BRY..
.BGR..
.BGR..
YGYGY.
BGGYY.

pattern:12
......
......
......
......
......
......
.G....
.Y....
.BRY..
.BGR..
.BGR..
YGYGY.
BGGYY.

0 
......
......
......
......
......
......
.G....
.Y.Y..
.B.R..
.BGR..
.BGR..
YGYGY.
BGGYY.

pattern:13
......
......
......
......
......
......
.G....
.Y.Y..
.B.R..
.BGR..
.BGR..
YGYGY.
BGGYY.

0 
......
......
......
......
......
......
.G....
.Y....
.B.Y..
.BGR..
.BGRR.
YGYGY.
BGGYY.

pattern:14
......
......
......
......
......
......
.G....
.Y....
.B.Y..
.BGR..
.BGRR.
YGYGY.
BGGYY.

0 
......
......
......
......
......
......
.G....
.Y....
.B....
.BGRR.
.BGRY.
YGYGY.
BGGYY.

pattern:15
......
......
......
......
......
......
......
......
......
......
..G...
.GGR..
YYYRR.

1000 
......
......
......
......
......
......
.G....
.Y....
.B.R..
.BGR..
.BGRY.
YGYGY.
BGGYY.

pattern:16
......
......
......
......
......
......
......
......
......
......
..GR..
.GGR..
YYYR..

1000 
......
......
......
......
......
......
.G....
.Y....
.B....
.BGRY.
.BGRR.
YGYGY.
BGGYY.

pattern:17
......
......
......
......
......
......
.G....
.Y....
.B....
.BGRY.
.BGRR.
YGYGY.
BGGYY.

0 
......
......
......
......
......
......
.G....
.Y....
.B....
.BGR..
.BGRY.
YGYGY.
BGGYYR

pattern:18
......
......
......
......
......
......
......
......
......
......
..G...
.GGR..
YYYR.R

1000 
......
......
......
......
......
......
.G....
.Y....
.B....
.BGR..
.BGR..
YGYGYR
BGGYYY

pattern:19
......
......
......
......
......
......
......
......
......
......
..G...
.GGR..
YYYR.R

1000 
......
......
......
......
......
......
.G....
.Y....
.B....
.BGR..
.BGRR.
YGYGY.
BGGYYY

pattern:20
......
......
......
......
......
......
......
......
......
......
..G...
.GGR..
YYYRR.

1000 
......
......
......
......
......
......
.G....
.Y....
.B....
.BGR..
.BGR..
YGYGYY
BGGYYR

pattern:21
......
......
......
......
......
......
......
......
......
......
..G...
.GGR..
YYYR.R

1000 

16
7823.18 2783.18 5063.18 4883.18 5763.18 8506.59 8052.25 4943.18 8468.5 8493.42 6903.18 5263.18 7083.18 7303.18 3603.18 9765.66 
selected:17
6's move
......
......
......
......
......
......
.G....
.Y....
.B....
YBGRY.
GBGRR.
YGYGY.
BGGYY.

pattern:0
......
......
......
......
......
......
.G....
.Y....
.B....
YBGRY.
GBGRR.
YGYGY.
BGGYY.

0 
......
......
......
......
......
......
.G....
.Y....
.B....
GBGRY.
YBGRR.
YGYGY.
BGGYY.

pattern:1
......
......
......
......
......
......
.G....
.Y....
.B....
GBGRY.
YBGRR.
YGYGY.
BGGYY.

0 
......
......
......
......
......
.Y....
.G....
.Y....
.B....
.BGRY.
GBGRR.
YGYGY.
BGGYY.

pattern:2
......
......
......
......
......
.Y....
.G....
.Y....
.B....
.BGRY.
GBGRR.
YGYGY.
BGGYY.

0 
......
......
......
......
.Y....
.G....
.G....
.Y....
.B....
.BGRY.
.BGRR.
YGYGY.
BGGYY.

pattern:3
......
......
......
......
.Y....
.G....
.G....
.Y....
.B....
.BGRY.
.BGRR.
YGYGY.
BGGYY.

0 
......
......
......
......
......
.G....
.G....
.Y....
.B....
.BGRY.
YBGRR.
YGYGY.
BGGYY.

pattern:4
......
......
......
......
......
.G....
.G....
.Y....
.B....
.BGRY.
YBGRR.
YGYGY.
BGGYY.

0 
......
......
......
......
.G....
.Y....
.G....
.Y....
.B....
.BGRY.
.BGRR.
YGYGY.
BGGYY.

pattern:5
......
......
......
......
.G....
.Y....
.G....
.Y....
.B....
.BGRY.
.BGRR.
YGYGY.
BGGYY.

0 
......
......
......
......
......
.G....
.G....
.Y....
.BY...
.BGRY.
.BGRR.
YGYGY.
BGGYY.

pattern:6
......
......
......
......
......
.G....
.G....
.Y....
.BY...
.BGRY.
.BGRR.
YGYGY.
BGGYY.

0 
......
......
......
......
......
......
.G....
.YY...
.BG...
.BGRY.
.BGRR.
YGYGY.
BGGYY.

pattern:7
......
......
......
......
......
......
.G....
.YY...
.BG...
.BGRY.
.BGRR.
YGYGY.
BGGYY.

0 
......
......
......
......
......
.Y....
.G....
.Y....
.BG...
.BGRY.
.BGRR.
YGYGY.
BGGYY.

pattern:8
......
......
......
......
......
.Y....
.G....
.Y....
.BG...
.BGRY.
.BGRR.
YGYGY.
BGGYY.

0 
......
......
......
......
......
......
.G....
.YG...
.BY...
.BGRY.
.BGRR.
YGYGY.
BGGYY.

pattern:9
......
......
......
......
......
......
.G....
.YG...
.BY...
.BGRY.
.BGRR.
YGYGY.
BGGYY.

0 
......
......
......
......
......
......
.G....
.Y....
.BGY..
.BGRY.
.BGRR.
YGYGY.
BGGYY.

pattern:10
......
......
......
......
......
......
.G....
.Y....
.BGY..
.BGRY.
.BGRR.
YGYGY.
BGGYY.

0 
......
......
......
......
......
......
.G....
.Y.Y..
.B.G..
.BGRY.
.BGRR.
YGYGY.
BGGYY.

pattern:11
......
......
......
......
......
......
.G....
.Y.Y..
.B.G..
.BGRY.
.BGRR.
YGYGY.
BGGYY.

0 
......
......
......
......
......
......
.G....
.Y....
.BYG..
.BGRY.
.BGRR.
YGYGY.
BGGYY.

pattern:12
......
......
......
......
......
......
.G....
.Y....
.BYG..
.BGRY.
.BGRR.
YGYGY.
BGGYY.

0 
......
......
......
......
......
......
.G....
.Y.G..
.B.Y..
.BGRY.
.BGRR.
YGYGY.
BGGYY.

pattern:13
......
......
......
......
......
......
.G....
.Y.G..
.B.Y..
.BGRY.
.BGRR.
YGYGY.
BGGYY.

0 
......
......
......
......
......
......
.G....
.Y....
.B.GY.
.BGRY.
.BGRR.
YGYGY.
BGGYY.

pattern:14
......
......
......
......
......
......
.G....
.Y....
.B.GY.
.BGRY.
.BGRR.
YGYGY.
BGGYY.

0 
......
......
......
......
......
......
.G....
.Y..Y.
.B..G.
.BGRY.
.BGRR.
YGYGY.
BGGYY.

pattern:15
......
......
......
......
......
......
.G....
.Y..Y.
.B..G.
.BGRY.
.BGRR.
YGYGY.
BGGYY.

0 
......
......
......
......
......
......
.G....
.Y....
.B.YG.
.BGRY.
.BGRR.
YGYGY.
BGGYY.

pattern:16
......
......
......
......
......
......
.G....
.Y....
.B.YG.
.BGRY.
.BGRR.
YGYGY.
BGGYY.

0 
......
......
......
......
......
......
.G....
.Y..G.
.B..Y.
.BGRY.
.BGRR.
YGYGY.
BGGYY.

pattern:17
......
......
......
......
......
......
.G....
.Y..G.
.B..Y.
.BGRY.
.BGRR.
YGYGY.
BGGYY.

0 
......
......
......
......
......
......
.G....
.Y....
.B..G.
.BGRY.
.BGRR.
YGYGY.
BGGYYY

pattern:18
......
......
......
......
......
......
......
......
......
......
..G.G.
.GGRY.
YYYRR.

1000 
......
......
......
......
......
......
.G....
.Y....
.B....
.BGRY.
.BGRR.
YGYGYY
BGGYYG

pattern:19
......
......
......
......
......
......
......
......
......
......
..G...
.GGRY.
YYYRRG

1000 
......
......
......
......
......
......
.G....
.Y....
.B..Y.
.BGRY.
.BGRR.
YGYGY.
BGGYYG

pattern:20
......
......
......
......
......
......
.G....
.Y....
.B..Y.
.BGRY.
.BGRR.
YGYGY.
BGGYYG

0 
......
......
......
......
......
......
.G....
.Y....
.B....
.BGRY.
.BGRR.
YGYGYG
BGGYYY

pattern:21
......
......
......
......
......
......
......
......
......
......
..G...
.GGRY.
YYYRRG

1000 

19
6083.18 8189.42 8385.92 5263.18 7197.25 8068.5 6462.25 5552.25 8670.45 5583.18 8232.25 3103.18 6082.25 3463.18 7123.18 5903.18 5783.18 6263.18 6983.18 
selected:8
7's move
......
......
......
......
......
.Y....
.G....
.Y....
.BG...
GBGRY.
BBGRR.
YGYGY.
BGGYY.

pattern:0
......
......
......
......
......
......
......
......
......
.Y.RY.
GY.RR.
YGYGY.
BGGYY.

360 
......
......
......
......
......
.Y....
.G....
.Y....
.BG...
BBGRY.
GBGRR.
YGYGY.
BGGYY.

pattern:1
......
......
......
......
......
......
......
......
......
.Y.RY.
GY.RR.
YGYGY.
BGGYY.

360 
......
......
......
......
.G....
.Y....
.G....
.Y....
.BG...
.BGRY.
BBGRR.
YGYGY.
BGGYY.

pattern:2
......
......
......
......
......
......
......
......
.G....
.Y.RY.
.Y.RR.
YGYGY.
BGGYY.

360 
......
......
......
.G....
.B....
.Y....
.G....
.Y....
.BG...
.BGRY.
.BGRR.
YGYGY.
BGGYY.

pattern:3
......
......
......
.G....
.B....
.Y....
.G....
.Y....
.BG...
.BGRY.
.BGRR.
YGYGY.
BGGYY.

0 
......
......
......
......
.B....
.Y....
.G....
.Y....
.BG...
.BGRY.
GBGRR.
YGYGY.
BGGYY.

pattern:4
......
......
......
......
.B....
.Y....
.G....
.Y....
.BG...
.BGRY.
GBGRR.
YGYGY.
BGGYY.

0 
......
......
......
.B....
.G....
.Y....
.G....
.Y....
.BG...
.BGRY.
.BGRR.
YGYGY.
BGGYY.

pattern:5
......
......
......
.B....
.G....
.Y....
.G....
.Y....
.BG...
.BGRY.
.BGRR.
YGYGY.
BGGYY.

0 
......
......
......
......
.B....
.Y....
.G....
.YG...
.BG...
.BGRY.
.BGRR.
YGYGY.
BGGYY.

pattern:6
......
......
......
......
.B....
.Y....
.G....
.Y....
.B....
.B.RY.
.B.RR.
YGYGY.
BGGYY.

40 
......
......
......
......
......
.Y....
.GG...
.YB...
.BG...
.BGRY.
.BGRR.
YGYGY.
BGGYY.

pattern:7
......
......
......
......
......
.Y....
.GG...
.YB...
.BG...
.BGRY.
.BGRR.
YGYGY.
BGGYY.

0 
......
......
......
......
.G....
.Y....
.G....
.YB...
.BG...
.BGRY.
.BGRR.
YGYGY.
BGGYY.

pattern:8
......
......
......
......
.G....
.Y....
.G....
.YB...
.BG...
.BGRY.
.BGRR.
YGYGY.
BGGYY.

0 
......
......
......
......
......
.Y....
.GB...
.YG...
.BG...
.BGRY.
.BGRR.
YGYGY.
BGGYY.

pattern:9
......
......
......
......
......
......
......
......
.Y....
.G.RY.
.Y.RR.
YGYGY.
BGGYY.

360 
......
......
......
......
......
.Y....
.G....
.YB...
.BGG..
.BGRY.
.BGRR.
YGYGY.
BGGYY.

pattern:10
......
......
......
......
......
......
......
......
.Y....
.G.RY.
.Y.RR.
YGYGY.
BGGYY.

360 
......
......
......
......
......
.Y....
.G....
.Y.G..
.BGB..
.BGRY.
.BGRR.
YGYGY.
BGGYY.

pattern:11
......
......
......
......
......
.Y....
.G....
.Y.G..
.BGB..
.BGRY.
.BGRR.
YGYGY.
BGGYY.

0 
......
......
......
......
......
.Y....
.G....
.YG...
.BGB..
.BGRY.
.BGRR.
YGYGY.
BGGYY.

pattern:12
......
......
......
......
......
.Y....
.G....
.Y....
.B.B..
.B.RY.
.B.RR.
YGYGY.
BGGYY.

40 
......
......
......
......
......
.Y....
.G....
.Y.B..
.BGG..
.BGRY.
.BGRR.
YGYGY.
BGGYY.

pattern:13
......
......
......
......
......
.Y....
.G....
.Y....
.B.B..
.B.RY.
.B.RR.
YGYGY.
BGGYY.

40 
......
......
......
......
......
.Y....
.G....
.Y....
.BGBG.
.BGRY.
.BGRR.
YGYGY.
BGGYY.

pattern:14
......
......
......
......
......
.Y....
.G....
.Y....
.BGBG.
.BGRY.
.BGRR.
YGYGY.
BGGYY.

0 
......
......
......
......
......
.Y....
.G....
.Y..G.
.BG.B.
.BGRY.
.BGRR.
YGYGY.
BGGYY.

pattern:15
......
......
......
......
......
.Y....
.G....
.Y..G.
.BG.B.
.BGRY.
.BGRR.
YGYGY.
BGGYY.

0 
......
......
......
......
......
.Y....
.G....
.Y....
.BGGB.
.BGRY.
.BGRR.
YGYGY.
BGGYY.

pattern:16
......
......
......
......
......
.Y....
.G....
.Y....
.B..B.
.B.RY.
.B.RR.
YGYGY.
BGGYY.

40 
......
......
......
......
......
.Y....
.G....
.Y..B.
.BG.G.
.BGRY.
.BGRR.
YGYGY.
BGGYY.

pattern:17
......
......
......
......
......
.Y....
.G....
.Y..B.
.BG.G.
.BGRY.
.BGRR.
YGYGY.
BGGYY.

0 
......
......
......
......
......
.Y....
.G....
.Y....
.BG.B.
.BGRY.
.BGRR.
YGYGY.
BGGYYG

pattern:18
......
......
......
......
......
.Y....
.G....
.Y....
.BG.B.
.BGRY.
.BGRR.
YGYGY.
BGGYYG

0 
......
......
......
......
......
.Y....
.G....
.Y....
.BG...
.BGRY.
.BGRR.
YGYGYG
BGGYYB

pattern:19
......
......
......
......
......
.Y....
.G....
.Y....
.BG...
.BGRY.
.BGRR.
YGYGYG
BGGYYB

0 
......
......
......
......
......
.Y....
.G....
.Y....
.BG.G.
.BGRY.
.BGRR.
YGYGY.
BGGYYB

pattern:20
......
......
......
......
......
.Y....
.G....
.Y....
.BG.G.
.BGRY.
.BGRR.
YGYGY.
BGGYYB

0 
......
......
......
......
......
.Y....
.G....
.Y....
.BG...
.BGRY.
.BGRR.
YGYGYB
BGGYYG

pattern:21
......
......
......
......
......
.Y....
.G....
.Y....
.BG...
.BGRY.
.BGRR.
YGYGYB
BGGYYG

0 

13
9743.18 10684.9 10483.2 8863.18 10618 2203.18 9423.18 9743.18 10003.2 9743.18 9803.18 10543.2 9883.18 
selected:4
8's move
......
......
......
......
.B....
.Y....
.G....
.Y....
RBG...
YBGRY.
GBGRR.
YGYGY.
BGGYY.

pattern:0
......
......
......
......
.B....
.Y....
.G....
.Y....
RBG...
YBGRY.
GBGRR.
YGYGY.
BGGYY.

0 
......
......
......
......
.B....
.Y....
.G....
.Y....
YBG...
RBGRY.
GBGRR.
YGYGY.
BGGYY.

pattern:1
......
......
......
......
.B....
.Y....
.G....
.Y....
YBG...
RBGRY.
GBGRR.
YGYGY.
BGGYY.

0 
......
......
......
.R....
.B....
.Y....
.G....
.Y....
.BG...
YBGRY.
GBGRR.
YGYGY.
BGGYY.

pattern:2
......
......
......
.R....
.B....
.Y....
.G....
.Y....
.BG...
YBGRY.
GBGRR.
YGYGY.
BGGYY.

0 
......
......
.R....
.Y....
.B....
.Y....
.G....
.Y....
.BG...
.BGRY.
GBGRR.
YGYGY.
BGGYY.

pattern:3
......
......
.R....
.Y....
.B....
.Y....
.G....
.Y....
.BG...
.BGRY.
GBGRR.
YGYGY.
BGGYY.

0 
......
......
......
.Y....
.B....
.Y....
.G....
.Y....
.BG...
RBGRY.
GBGRR.
YGYGY.
BGGYY.

pattern:4
......
......
......
.Y....
.B....
.Y....
.G....
.Y....
.BG...
RBGRY.
GBGRR.
YGYGY.
BGGYY.

0 
......
......
.Y....
.R....
.B....
.Y....
.G....
.Y....
.BG...
.BGRY.
GBGRR.
YGYGY.
BGGYY.

pattern:5
......
......
.Y....
.R....
.B....
.Y....
.G....
.Y....
.BG...
.BGRY.
GBGRR.
YGYGY.
BGGYY.

0 
......
......
......
.Y....
.B....
.Y....
.G....
.YR...
.BG...
.BGRY.
GBGRR.
YGYGY.
BGGYY.

pattern:6
......
......
......
.Y....
.B....
.Y....
.G....
.YR...
.BG...
.BGRY.
GBGRR.
YGYGY.
BGGYY.

0 
......
......
......
......
.B....
.Y....
.GR...
.YY...
.BG...
.BGRY.
GBGRR.
YGYGY.
BGGYY.

pattern:7
......
......
......
......
.B....
.Y....
.GR...
.YY...
.BG...
.BGRY.
GBGRR.
YGYGY.
BGGYY.

0 
......
......
......
.R....
.B....
.Y....
.G....
.YY...
.BG...
.BGRY.
GBGRR.
YGYGY.
BGGYY.

pattern:8
......
......
......
.R....
.B....
.Y....
.G....
.YY...
.BG...
.BGRY.
GBGRR.
YGYGY.
BGGYY.

0 
......
......
......
......
.B....
.Y....
.GY...
.YR...
.BG...
.BGRY.
GBGRR.
YGYGY.
BGGYY.

pattern:9
......
......
......
......
.B....
.Y....
.GY...
.YR...
.BG...
.BGRY.
GBGRR.
YGYGY.
BGGYY.

0 
......
......
......
......
.B....
.Y....
.G....
.YY...
.BGR..
.BGRY.
GBGRR.
YGYGY.
BGGYY.

pattern:10
......
......
......
......
......
......
......
......
......
......
......
......
.B....

10480 
......
......
......
......
.B....
.Y....
.G....
.Y.R..
.BGY..
.BGRY.
GBGRR.
YGYGY.
BGGYY.

pattern:11
......
......
......
......
.B....
.Y....
.G....
.Y.R..
.BGY..
.BGRY.
GBGRR.
YGYGY.
BGGYY.

0 
......
......
......
......
.B....
.Y....
.G....
.YR...
.BGY..
.BGRY.
GBGRR.
YGYGY.
BGGYY.

pattern:12
......
......
......
......
.B....
.Y....
.G....
.YR...
.BGY..
.BGRY.
GBGRR.
YGYGY.
BGGYY.

0 
......
......
......
......
.B....
.Y....
.G....
.Y.Y..
.BGR..
.BGRY.
GBGRR.
YGYGY.
BGGYY.

pattern:13
......
......
......
......
......
......
......
......
......
......
......
......
.B....

9600 
......
......
......
......
.B....
.Y....
.G....
.Y....
.BGYR.
.BGRY.
GBGRR.
YGYGY.
BGGYY.

pattern:14
......
......
......
......
.B....
.Y....
.G....
.Y....
.BGYR.
.BGRY.
GBGRR.
YGYGY.
BGGYY.

0 
......
......
......
......
.B....
.Y....
.G....
.Y..R.
.BG.Y.
.BGRY.
GBGRR.
YGYGY.
BGGYY.

pattern:15
......
......
......
......
.B....
.Y....
.G....
.Y..R.
.BG.Y.
.BGRY.
GBGRR.
YGYGY.
BGGYY.

0 
......
......
......
......
.B....
.Y....
.G....
.Y....
.BGRY.
.BGRY.
GBGRR.
YGYGY.
BGGYY.

pattern:16
......
......
......
......
......
......
......
......
......
......
......
......
.B....

9600 
......
......
......
......
.B....
.Y....
.G....
.Y..Y.
.BG.R.
.BGRY.
GBGRR.
YGYGY.
BGGYY.

pattern:17
......
......
......
......
.B....
.Y....
.G....
.Y..Y.
.BG.R.
.BGRY.
GBGRR.
YGYGY.
BGGYY.

0 
......
......
......
......
.B....
.Y....
.G....
.Y....
.BG.Y.
.BGRY.
GBGRR.
YGYGY.
BGGYYR

pattern:18
......
......
......
......
.B....
.Y....
.G....
.Y....
.BG.Y.
.BGRY.
GBGRR.
YGYGY.
BGGYYR

0 
......
......
......
......
.B....
.Y....
.G....
.Y....
.BG...
.BGRY.
GBGRR.
YGYGYR
BGGYYY

pattern:19
......
......
......
......
......
......
......
......
......
......
......
......
.B..Y.

6140 
......
......
......
......
.B....
.Y....
.G....
.Y....
.BG.R.
.BGRY.
GBGRR.
YGYGY.
BGGYYY

pattern:20
......
......
......
......
......
......
......
......
......
......
....R.
...RY.
.B.RR.

5260 
......
......
......
......
.B....
.Y....
.G....
.Y....
.BG...
.BGRY.
GBGRR.
YGYGYY
BGGYYR

pattern:21
......
......
......
......
......
......
......
......
......
......
......
......
.B..Y.

6140 

16
363.182 363.182 363.182 703.182 363.182 703.182 9023.18 8683.18 1343.18 8683.18 703.182 9440.16 703.182 703.182 703.182 703.182 
selected:12
......
......
......
......
.B....
.Y....
.G....
.YR...
.BGY..
.BGRY.
GBGRR.
YGYGY.
BGGYY.

......
......
......
......
......
......
......
......
......
......
......
......
BB....

9440
......
......
......
......
......
......
......
......
......
......
......
......
BB....

......
......
......
......
......
......
......
......
......
......
......
......
BB....

9440
......
......
......
......
......
......
......
......
......
......
......
......
BB....

......
......
......
.B....
.B....
.Y....
.G....
.YR...
.BGY..
GBGRY.
GBGRR.
YGYGY.
BGGYY.

0
......
......
......
.B....
.B....
.Y....
.G....
.YR...
.BGY..
GBGRY.
GBGRR.
YGYGY.
BGGYY.

......
......
.B....
.G....
.B....
.Y....
.G....
.YR...
.BGY..
.BGRY.
GBGRR.
YGYGY.
BGGYY.

0
......
......
.B....
.G....
.B....
.Y....
.G....
.YR...
.BGY..
.BGRY.
GBGRR.
YGYGY.
BGGYY.

......
......
......
......
......
......
......
......
......
......
......
GG....
BB....

9100
......
......
......
......
......
......
......
......
......
......
......
GG....
BB....

......
......
.G....
.B....
.B....
.Y....
.G....
.YR...
.BGY..
.BGRY.
GBGRR.
YGYGY.
BGGYY.

0
......
......
.G....
.B....
.B....
.Y....
.G....
.YR...
.BGY..
.BGRY.
GBGRR.
YGYGY.
BGGYY.

......
......
......
.G....
.B....
.Y....
.GB...
.YR...
.BGY..
.BGRY.
GBGRR.
YGYGY.
BGGYY.

0
......
......
......
.G....
.B....
.Y....
.GB...
.YR...
.BGY..
.BGRY.
GBGRR.
YGYGY.
BGGYY.

......
......
......
......
.B....
.YB...
.GG...
.YR...
.BGY..
.BGRY.
GBGRR.
YGYGY.
BGGYY.

0
......
......
......
......
.B....
.YB...
.GG...
.YR...
.BGY..
.BGRY.
GBGRR.
YGYGY.
BGGYY.

......
......
......
.B....
.B....
.Y....
.GG...
.YR...
.BGY..
.BGRY.
GBGRR.
YGYGY.
BGGYY.

0
......
......
......
.B....
.B....
.Y....
.GG...
.YR...
.BGY..
.BGRY.
GBGRR.
YGYGY.
BGGYY.

......
......
......
......
.B....
.YG...
.GB...
.YR...
.BGY..
.BGRY.
GBGRR.
YGYGY.
BGGYY.

0
......
......
......
......
.B....
.YG...
.GB...
.YR...
.BGY..
.BGRY.
GBGRR.
YGYGY.
BGGYY.

......
......
......
......
.B....
.Y....
.GG...
.YRB..
.BGY..
.BGRY.
GBGRR.
YGYGY.
BGGYY.

0
......
......
......
......
.B....
.Y....
.GG...
.YRB..
.BGY..
.BGRY.
GBGRR.
YGYGY.
BGGYY.

......
......
......
......
.B....
.Y....
.G.B..
.YRG..
.BGY..
.BGRY.
GBGRR.
YGYGY.
BGGYY.

0
......
......
......
......
.B....
.Y....
.G.B..
.YRG..
.BGY..
.BGRY.
GBGRR.
YGYGY.
BGGYY.

......
......
......
......
.B....
.Y....
.GB...
.YRG..
.BGY..
.BGRY.
GBGRR.
YGYGY.
BGGYY.

0
......
......
......
......
.B....
.Y....
.GB...
.YRG..
.BGY..
.BGRY.
GBGRR.
YGYGY.
BGGYY.

......
......
......
......
.B....
.Y....
.G.G..
.YRB..
.BGY..
.BGRY.
GBGRR.
YGYGY.
BGGYY.

0
......
......
......
......
.B....
.Y....
.G.G..
.YRB..
.BGY..
.BGRY.
GBGRR.
YGYGY.
BGGYY.

......
......
......
......
.B....
.Y....
.G....
.YRG..
.BGYB.
.BGRY.
GBGRR.
YGYGY.
BGGYY.

0
......
......
......
......
.B....
.Y....
.G....
.YRG..
.BGYB.
.BGRY.
GBGRR.
YGYGY.
BGGYY.

......
......
......
......
.B....
.Y....
.G....
.YR.B.
.BGYG.
.BGRY.
GBGRR.
YGYGY.
BGGYY.

0
......
......
......
......
.B....
.Y....
.G....
.YR.B.
.BGYG.
.BGRY.
GBGRR.
YGYGY.
BGGYY.

......
......
......
......
.B....
.Y....
.G....
.YRB..
.BGYG.
.BGRY.
GBGRR.
YGYGY.
BGGYY.

0
......
......
......
......
.B....
.Y....
.G....
.YRB..
.BGYG.
.BGRY.
GBGRR.
YGYGY.
BGGYY.

......
......
......
......
.B....
.Y....
.G....
.YR.G.
.BGYB.
.BGRY.
GBGRR.
YGYGY.
BGGYY.

0
......
......
......
......
.B....
.Y....
.G....
.YR.G.
.BGYB.
.BGRY.
GBGRR.
YGYGY.
BGGYY.

......
......
......
......
.B....
.Y....
.G....
.YR...
.BGYG.
.BGRY.
GBGRR.
YGYGY.
BGGYYB

0
......
......
......
......
.B....
.Y....
.G....
.YR...
.BGYG.
.BGRY.
GBGRR.
YGYGY.
BGGYYB

......
......
......
......
.B....
.Y....
.G....
.YR...
.BGY..
.BGRY.
GBGRR.
YGYGYB
BGGYYG

0
......
......
......
......
.B....
.Y....
.G....
.YR...
.BGY..
.BGRY.
GBGRR.
YGYGYB
BGGYYG

......
......
......
......
.B....
.Y....
.G....
.YR...
.BGYB.
.BGRY.
GBGRR.
YGYGY.
BGGYYG

0
......
......
......
......
.B....
.Y....
.G....
.YR...
.BGYB.
.BGRY.
GBGRR.
YGYGY.
BGGYYG

......
......
......
......
.B....
.Y....
.G....
.YR...
.BGY..
.BGRY.
GBGRR.
YGYGYG
BGGYYB

0
3 9 13 3 12 17 8 4 12 0 
BB GY
......
......
......
......
......
......
......
......
......
......
.B....
YG..Y.
BGGYY.

GY RG
......
......
......
......
......
......
......
......
.B....
.B....
.B....
YG..Y.
BGGYY.

RG YG
......
......
......
......
......
......
......
......
.B....
.B....
.BG...
YGY.Y.
BGGYY.

YG RG
......
......
......
......
......
......
......
......
.B....
.B....
.BGR..
YGYGY.
BGGYY.

RG YR
......
......
......
......
......
......
.G....
.Y....
.B....
.B....
.BGR..
YGYGY.
BGGYY.

YR GY
......
......
......
......
......
......
.G....
.Y....
.B....
.BGR..
.BGR..
YGYGY.
BGGYY.

GY BG
......
......
......
......
......
......
.G....
.Y....
.B....
.BGRY.
.BGRR.
YGYGY.
BGGYY.

BG YR
......
......
......
......
......
.Y....
.G....
.Y....
.BG...
.BGRY.
.BGRR.
YGYGY.
BGGYY.

YR GB
......
......
......
......
.B....
.Y....
.G....
.Y....
.BG...
.BGRY.
GBGRR.
YGYGY.
BGGYY.

GB XX
......
......
......
......
.B....
.Y....
.G....
.YR...
.BGY..
.BGRY.
GBGRR.
YGYGY.
BGGYY.

XX XX
......
......
......
......
.B....
.Y....
.G....
.YR...
BBGY..
GBGRY.
GBGRR.
YGYGY.
BGGYY.

XX XX
......
......
......
......
......
......
......
.BR...
.YGY..
GGGRY.
GYGRR.
YGYGY.
BGGYY.

XX XX
......
......
......
......
......
......
......
......
.B.Y..
.Y.RY.
.YRRR.
YGYGY.
BGGYY.

XX XX
......
......
......
......
......
......
......
......
.B....
.Y....
.Y.YY.
YGYGY.
BGGYY.

XX XX
......
......
......
......
......
......
......
......
.B....
.Y....
.Y....
YGY...
BGGG..

XX XX
......
......
......
......
......
......
......
......
......
......
.B....
YY....
BYY...

XX XX
......
......
......
......
......
......
......
......
......
......
......
......
BB....

XX XX
......
......
......
......
......
......
......
......
......
......
......
......
BB....

score:9440
