PR YP
......
......
......
......
......
......
......
RP....
RP....
RG.P..
PGGP..
PYPRR.
PYGPR.

YP PG
......
......
......
......
......
......
......
RP.P..
RP.R..
RG.P..
PGGP..
PYPRR.
PYGPR.

PG GG
......
......
......
......
......
.Y....
.P....
RP.P..
RP.R..
RG.P..
PGGP..
PYPRR.
PYGPR.

GG GY
......
......
......
......
......
.Y....
.P....
RP.P..
RPGR..
RGPP..
PGGP..
PYPRR.
PYGPR.

GY RP
......
......
......
......
......
.Y....
.P.G..
RPGP..
RPGR..
RGPP..
PGGP..
PYPRR.
PYGPR.

RP GY
......
......
......
......
.Y....
.Y....
GP.G..
RPGP..
RPGR..
RGPP..
PGGP..
PYPRR.
PYGPR.

GY YY
......
......
.R....
.P....
.Y....
.Y....
GP.G..
RPGP..
RPGR..
RGPP..
PGGP..
PYPRR.
PYGPR.

YY GG
......
......
.R....
.P....
.Y....
.Y.G..
GPYG..
RPGP..
RPGR..
RGPP..
PGGP..
PYPRR.
PYGPR.

GG YP
......
.Y....
.R....
.P....
.Y....
YY.G..
GPYG..
RPGP..
RPGR..
RGPP..
PGGP..
PYPRR.
PYGPR.

YP YP
......
.Y....
.R....
.P....
.Y.G..
YY.G..
GPYG..
RPGP..
RPGR..
RGPP..
PGGPG.
PYPRR.
PYGPR.

YP XX
.P....
.Y....
.R....
.P....
.Y.G..
YY.G..
GPYG..
RPGP..
RPGR..
RGPP..
PGGPG.
PYPRR.
PYGPR.

XX XX
.P....
.Y....
.R....
.P....
YY.G..
YY.G..
GPYG..
RPGP..
RPGR..
RGPP..
PGGPG.
PYPRR.
PYGPR.

XX XX
.P....
.Y....
.P....
.Y....
.R.G..
.P.G..
GPYG..
RPGP..
RPGR..
RGPP..
PGGPG.
PYPRR.
PYGPR.

XX XX
......
......
......
......
.P.G..
.Y.G..
GPYG..
RYGP..
RRGR..
RGPP..
PGGPG.
PYPRR.
PYGPR.

XX XX
......
......
......
......
...G..
.P.G..
.YYG..
.PGP..
.YGR..
GGPP..
PGGPG.
PYPRR.
PYGPR.

XX XX
......
......
......
......
...G..
...G..
...G..
.PYP..
.YGR..
.PGP..
PYPPG.
PYPRR.
PYGPR.

XX XX
......
......
......
......
......
......
...G..
.P.G..
.Y.G..
.PYP..
PYGRG.
PYGRR.
PYGPR.

XX XX
......
......
......
......
......
......
......
.P....
.Y.G..
.PYG..
PYGG..
PYGP..
PYGPG.

XX XX
......
......
......
......
......
......
......
.P....
.Y....
.P....
PY....
PY.P..
PYYPG.

XX XX
......
......
......
......
......
......
......
......
......
......
PP....
PY.P..
PP.PG.

XX XX
......
......
......
......
......
......
......
......
......
......
......
...P..
.Y.PG.

XX XX
......
......
......
......
......
......
......
......
......
......
......
...P..
.Y.PG.

score:32640
