BB GY
......
......
......
......
......
......
......
......
......
......
.B....
YG..Y.
BGGYY.

GY GR
......
......
......
......
......
......
......
......
......
......
.BB...
YGB.Y.
BGGYY.

GR GY
......
......
......
......
......
......
......
......
..Y...
..G...
.BB...
YGB.Y.
BGGYY.

GY GR
......
......
......
......
......
......
......
......
.GY...
.RG...
.BB...
YGB.Y.
BGGYY.

GR RY
......
......
......
......
......
......
.G....
.Y....
.GY...
.RG...
.BB...
YGB.Y.
BGGYY.

RY YG
......
......
......
......
......
.G....
.G....
.YR...
.GY...
.RG...
.BB...
YGB.Y.
BGGYY.

YG GB
......
......
......
......
......
.GY...
.GR...
.YR...
.GY...
.RG...
.BB...
YGB.Y.
BGGYY.

GB RY
......
......
......
......
.G....
.GY...
.GR...
.YR...
.GY...
.RG...
YBB...
YGB.Y.
BGGYY.

RY GB
......
......
......
......
.G....
.GY...
.GR...
.YR...
.GY...
.RG.G.
YBB.B.
YGB.Y.
BGGYY.

GB XX
......
......
......
.Y....
.GR...
.GY...
.GR...
.YR...
.GY...
.RG.G.
YBB.B.
YGB.Y.
BGGYY.

XX XX
......
......
......
.Y....
.GR...
.GY...
.GR...
.YR...
.GY...
.RG.G.
YBBBB.
YGBGY.
BGGYY.

XX XX
......
......
......
......
.Y....
.G....
.GR...
.GY...
.YR...
.GR...
YRY.G.
YGGGY.
BGGYY.

XX XX
......
......
......
......
......
......
.Y....
.G....
.GR...
.GY...
YYR.G.
YGR.Y.
BRYYY.

XX XX
......
......
......
......
......
......
.Y....
.G....
.G....
.GR...
YYY...
YGR...
BRR.G.

XX XX
......
......
......
......
......
......
......
.Y....
.G....
.G....
.GR...
.GR...
BRR.G.

XX XX
......
......
......
......
......
......
......
......
......
......
......
......
BY..G.

score:7880