BB GY
......
......
......
......
......
......
......
......
......
......
.B....
YG..Y.
BGGYY.

GY GR
......
......
......
......
......
......
......
......
......
......
.BB...
YGB.Y.
BGGYY.

GR GY
......
......
......
......
......
......
......
......
..Y...
..G...
.BB...
YGB.Y.
BGGYY.

GY GR
......
......
......
......
......
......
......
......
.GY...
.RG...
.BB...
YGB.Y.
BGGYY.

GR RY
......
......
......
......
......
......
.G....
.Y....
.GY...
.RG...
.BB...
YGB.Y.
BGGYY.

RY YG
......
......
......
......
......
......
.GG...
.YR...
.GY...
.RG...
.BB...
YGB.Y.
BGGYY.

YG GB
......
......
......
......
......
......
.GG...
.YR...
.GY...
RRG...
YBB...
YGB.Y.
BGGYY.

GB RY
......
......
......
......
......
.GY...
.GG...
.YR...
.GY...
RRG...
YBB...
YGB.Y.
BGGYY.

RY GB
......
......
......
..B...
..G...
.GY...
.GG...
.YR...
.GY...
RRG...
YBB...
YGB.Y.
BGGYY.

GB XX
......
......
......
.YB...
.RG...
.GY...
.GG...
.YR...
.GY...
RRG...
YBB...
YGB.Y.
BGGYY.

XX XX
......
......
......
.YB...
.RG...
.GY...
.GG...
.YR...
.GY...
RRG...
YBBG..
YGBBY.
BGGYY.

XX XX
......
......
......
......
.Y....
.G....
.GR...
.GY...
.YR...
.GR...
YRY.G.
YGGGY.
BGGYY.

XX XX
......
......
......
......
......
......
.Y....
.G....
.GR...
.GY...
YYR.G.
YGR.Y.
BRYYY.

XX XX
......
......
......
......
......
......
.Y....
.G....
.G....
.GR...
YYY...
YGR...
BRR.G.

XX XX
......
......
......
......
......
......
......
.Y....
.G....
.G....
.GR...
.GR...
BRR.G.

XX XX
......
......
......
......
......
......
......
......
......
......
......
......
BY..G.

score:9600